This file contains any messages produced by compilers while
running configure, to aid debugging if configure makes a mistake.

It was created by configure, which was
generated by GNU Autoconf 2.69.  Invocation command line was

  $ ./configure 

## --------- ##
## Platform. ##
## --------- ##

hostname = babieca
uname -m = x86_64
uname -r = 3.13.0-24-generic
uname -s = Linux
uname -v = #46-Ubuntu SMP Thu Apr 10 19:11:08 UTC 2014

/usr/bin/uname -p = unknown
/bin/uname -X     = unknown

/bin/arch              = unknown
/usr/bin/arch -k       = unknown
/usr/convex/getsysinfo = unknown
/usr/bin/hostinfo      = unknown
/bin/machine           = unknown
/usr/bin/oslevel       = unknown
/bin/universe          = unknown

PATH: /usr/local/sbin
PATH: /usr/local/bin
PATH: /usr/sbin
PATH: /usr/bin
PATH: /sbin
PATH: /bin


## ----------- ##
## Core tests. ##
## ----------- ##

configure:2602: checking build system type
configure:2616: result: x86_64-unknown-linux-gnu
configure:2636: checking host system type
configure:2649: result: x86_64-unknown-linux-gnu
configure:2669: checking target system type
configure:2682: result: x86_64-unknown-linux-gnu
configure:2724: checking for a BSD-compatible install
configure:2792: result: /usr/bin/install -c
configure:2803: checking whether build environment is sane
configure:2858: result: yes
configure:3009: checking for a thread-safe mkdir -p
configure:3048: result: /bin/mkdir -p
configure:3055: checking for gawk
configure:3085: result: no
configure:3055: checking for mawk
configure:3071: found /usr/bin/mawk
configure:3082: result: mawk
configure:3093: checking whether make sets $(MAKE)
configure:3115: result: yes
configure:3144: checking whether make supports nested variables
configure:3161: result: yes
configure:3299: checking for python
configure:3317: found /usr/bin/python
configure:3329: result: /usr/bin/python
configure:3350: checking for python version
configure:3357: result: 2.7
configure:3369: checking for python platform
configure:3376: result: linux2
configure:3402: checking for python script directory
configure:3437: result: ${prefix}/lib/python2.7/dist-packages
configure:3446: checking for python extension module directory
configure:3481: result: ${exec_prefix}/lib/python2.7/dist-packages
configure:3498: checking libdir for lib64 suffix
configure:3503: result: no. Setting libdir to ${exec_prefix}/lib64
configure:3523: checking for style of include used by make
configure:3551: result: GNU
configure:3632: checking for g++
configure:3648: found /usr/bin/g++
configure:3659: result: g++
configure:3686: checking for C++ compiler version
configure:3695: g++ --version >&5
g++ (Ubuntu 4.8.2-19ubuntu1) 4.8.2
Copyright (C) 2013 Free Software Foundation, Inc.
This is free software; see the source for copying conditions.  There is NO
warranty; not even for MERCHANTABILITY or FITNESS FOR A PARTICULAR PURPOSE.

configure:3706: $? = 0
configure:3695: g++ -v >&5
Using built-in specs.
COLLECT_GCC=g++
COLLECT_LTO_WRAPPER=/usr/lib/gcc/x86_64-linux-gnu/4.8/lto-wrapper
Target: x86_64-linux-gnu
Configured with: ../src/configure -v --with-pkgversion='Ubuntu 4.8.2-19ubuntu1' --with-bugurl=file:///usr/share/doc/gcc-4.8/README.Bugs --enable-languages=c,c++,java,go,d,fortran,objc,obj-c++ --prefix=/usr --program-suffix=-4.8 --enable-shared --enable-linker-build-id --libexecdir=/usr/lib --without-included-gettext --enable-threads=posix --with-gxx-include-dir=/usr/include/c++/4.8 --libdir=/usr/lib --enable-nls --with-sysroot=/ --enable-clocale=gnu --enable-libstdcxx-debug --enable-libstdcxx-time=yes --enable-gnu-unique-object --disable-libmudflap --enable-plugin --with-system-zlib --disable-browser-plugin --enable-java-awt=gtk --enable-gtk-cairo --with-java-home=/usr/lib/jvm/java-1.5.0-gcj-4.8-amd64/jre --enable-java-home --with-jvm-root-dir=/usr/lib/jvm/java-1.5.0-gcj-4.8-amd64 --with-jvm-jar-dir=/usr/lib/jvm-exports/java-1.5.0-gcj-4.8-amd64 --with-arch-directory=amd64 --with-ecj-jar=/usr/share/java/eclipse-ecj.jar --enable-objc-gc --enable-multiarch --disable-werror --with-arch-32=i686 --with-abi=m64 --with-multilib-list=m32,m64,mx32 --with-tune=generic --enable-checking=release --build=x86_64-linux-gnu --host=x86_64-linux-gnu --target=x86_64-linux-gnu
Thread model: posix
gcc version 4.8.2 (Ubuntu 4.8.2-19ubuntu1) 
configure:3706: $? = 0
configure:3695: g++ -V >&5
g++: error: unrecognized command line option '-V'
g++: fatal error: no input files
compilation terminated.
configure:3706: $? = 4
configure:3695: g++ -qversion >&5
g++: error: unrecognized command line option '-qversion'
g++: fatal error: no input files
compilation terminated.
configure:3706: $? = 4
configure:3726: checking whether the C++ compiler works
configure:3748: g++    conftest.cpp  >&5
configure:3752: $? = 0
configure:3800: result: yes
configure:3803: checking for C++ compiler default output file name
configure:3805: result: a.out
configure:3811: checking for suffix of executables
configure:3818: g++ -o conftest    conftest.cpp  >&5
configure:3822: $? = 0
configure:3844: result: 
configure:3866: checking whether we are cross compiling
configure:3874: g++ -o conftest    conftest.cpp  >&5
configure:3878: $? = 0
configure:3885: ./conftest
configure:3889: $? = 0
configure:3904: result: no
configure:3909: checking for suffix of object files
configure:3931: g++ -c   conftest.cpp >&5
configure:3935: $? = 0
configure:3956: result: o
configure:3960: checking whether we are using the GNU C++ compiler
configure:3979: g++ -c   conftest.cpp >&5
configure:3979: $? = 0
configure:3988: result: yes
configure:3997: checking whether g++ accepts -g
configure:4017: g++ -c -g  conftest.cpp >&5
configure:4017: $? = 0
configure:4058: result: yes
configure:4083: checking dependency style of g++
configure:4194: result: gcc3
configure:4214: checking how to run the C++ preprocessor
configure:4241: g++ -E  conftest.cpp
configure:4241: $? = 0
configure:4255: g++ -E  conftest.cpp
conftest.cpp:11:28: fatal error: ac_nonexistent.h: No such file or directory
 #include <ac_nonexistent.h>
                            ^
compilation terminated.
configure:4255: $? = 1
configure: failed program was:
| /* confdefs.h */
| #define PACKAGE_NAME ""
| #define PACKAGE_TARNAME ""
| #define PACKAGE_VERSION ""
| #define PACKAGE_STRING ""
| #define PACKAGE_BUGREPORT ""
| #define PACKAGE_URL ""
| #define PACKAGE "gr-gsm"
| #define VERSION "0.0.1"
| /* end confdefs.h.  */
| #include <ac_nonexistent.h>
configure:4280: result: g++ -E
configure:4300: g++ -E  conftest.cpp
configure:4300: $? = 0
configure:4314: g++ -E  conftest.cpp
conftest.cpp:11:28: fatal error: ac_nonexistent.h: No such file or directory
 #include <ac_nonexistent.h>
                            ^
compilation terminated.
configure:4314: $? = 1
configure: failed program was:
| /* confdefs.h */
| #define PACKAGE_NAME ""
| #define PACKAGE_TARNAME ""
| #define PACKAGE_VERSION ""
| #define PACKAGE_STRING ""
| #define PACKAGE_BUGREPORT ""
| #define PACKAGE_URL ""
| #define PACKAGE "gr-gsm"
| #define VERSION "0.0.1"
| /* end confdefs.h.  */
| #include <ac_nonexistent.h>
configure:4355: checking whether C++ has bool
configure:4366: g++ -o conftest -g -O2   conftest.cpp  >&5
configure:4366: $? = 0
configure:4366: ./conftest
configure:4366: $? = 0
configure:4367: result: yes
configure:4381: checking whether C++ has buggy scoping in for-loops
configure:4397: g++ -c -g -O2  conftest.cpp >&5
conftest.cpp:11:22: fatal error: iostream.h: No such file or directory
 #include <iostream.h>
                      ^
compilation terminated.
configure:4397: $? = 1
configure: failed program was:
| /* confdefs.h */
| #define PACKAGE_NAME ""
| #define PACKAGE_TARNAME ""
| #define PACKAGE_VERSION ""
| #define PACKAGE_STRING ""
| #define PACKAGE_BUGREPORT ""
| #define PACKAGE_URL ""
| #define PACKAGE "gr-gsm"
| #define VERSION "0.0.1"
| /* end confdefs.h.  */
| #include <iostream.h>
| int
| main ()
| {
| 
|    for (int i=0;i<10;i++) { }
|    for (int i=0;i<10;i++) { }
| 
|   ;
|   return 0;
| }
configure:4401: result: yes
configure:4409: checking whether user wants assertions
configure:4419: result: yes
configure:4424: checking whether C++ has std::isnan
configure:4439: g++ -c -g -O2  conftest.cpp >&5
In file included from conftest.cpp:12:0:
conftest.cpp: In function 'int main()':
conftest.cpp:17:9: error: expected unqualified-id before '(' token
    std::isnan(0);
         ^
configure:4439: $? = 1
configure: failed program was:
| /* confdefs.h */
| #define PACKAGE_NAME ""
| #define PACKAGE_TARNAME ""
| #define PACKAGE_VERSION ""
| #define PACKAGE_STRING ""
| #define PACKAGE_BUGREPORT ""
| #define PACKAGE_URL ""
| #define PACKAGE "gr-gsm"
| #define VERSION "0.0.1"
| #define CXX_HAS_BUGGY_FOR_LOOPS /**/
| /* end confdefs.h.  */
| #include <math.h>
| int
| main ()
| {
| 
|    std::isnan(0);
| 
|   ;
|   return 0;
| }
configure:4446: result: no
configure:4460: checking whether user wants warnings
configure:4471: result: yes
configure:4505: checking whether g++ accepts -Wall
configure:4510: result: yes
configure:4505: checking whether g++ accepts -Woverloaded-virtual
configure:4510: result: yes
configure:4523: checking whether user wants gprof
configure:4533: result: no
configure:4586: checking whether user wants prof
configure:4596: result: no
configure:4696: checking for gcc
configure:4712: found /usr/bin/gcc
configure:4723: result: gcc
configure:4952: checking for C compiler version
configure:4961: gcc --version >&5
gcc (Ubuntu 4.8.2-19ubuntu1) 4.8.2
Copyright (C) 2013 Free Software Foundation, Inc.
This is free software; see the source for copying conditions.  There is NO
warranty; not even for MERCHANTABILITY or FITNESS FOR A PARTICULAR PURPOSE.

configure:4972: $? = 0
configure:4961: gcc -v >&5
Using built-in specs.
COLLECT_GCC=gcc
COLLECT_LTO_WRAPPER=/usr/lib/gcc/x86_64-linux-gnu/4.8/lto-wrapper
Target: x86_64-linux-gnu
Configured with: ../src/configure -v --with-pkgversion='Ubuntu 4.8.2-19ubuntu1' --with-bugurl=file:///usr/share/doc/gcc-4.8/README.Bugs --enable-languages=c,c++,java,go,d,fortran,objc,obj-c++ --prefix=/usr --program-suffix=-4.8 --enable-shared --enable-linker-build-id --libexecdir=/usr/lib --without-included-gettext --enable-threads=posix --with-gxx-include-dir=/usr/include/c++/4.8 --libdir=/usr/lib --enable-nls --with-sysroot=/ --enable-clocale=gnu --enable-libstdcxx-debug --enable-libstdcxx-time=yes --enable-gnu-unique-object --disable-libmudflap --enable-plugin --with-system-zlib --disable-browser-plugin --enable-java-awt=gtk --enable-gtk-cairo --with-java-home=/usr/lib/jvm/java-1.5.0-gcj-4.8-amd64/jre --enable-java-home --with-jvm-root-dir=/usr/lib/jvm/java-1.5.0-gcj-4.8-amd64 --with-jvm-jar-dir=/usr/lib/jvm-exports/java-1.5.0-gcj-4.8-amd64 --with-arch-directory=amd64 --with-ecj-jar=/usr/share/java/eclipse-ecj.jar --enable-objc-gc --enable-multiarch --disable-werror --with-arch-32=i686 --with-abi=m64 --with-multilib-list=m32,m64,mx32 --with-tune=generic --enable-checking=release --build=x86_64-linux-gnu --host=x86_64-linux-gnu --target=x86_64-linux-gnu
Thread model: posix
gcc version 4.8.2 (Ubuntu 4.8.2-19ubuntu1) 
configure:4972: $? = 0
configure:4961: gcc -V >&5
gcc: error: unrecognized command line option '-V'
gcc: fatal error: no input files
compilation terminated.
configure:4972: $? = 4
configure:4961: gcc -qversion >&5
gcc: error: unrecognized command line option '-qversion'
gcc: fatal error: no input files
compilation terminated.
configure:4972: $? = 4
configure:4976: checking whether we are using the GNU C compiler
configure:4995: gcc -c   conftest.c >&5
configure:4995: $? = 0
configure:5004: result: yes
configure:5013: checking whether gcc accepts -g
configure:5033: gcc -c -g  conftest.c >&5
configure:5033: $? = 0
configure:5074: result: yes
configure:5091: checking for gcc option to accept ISO C89
configure:5154: gcc  -c -g -O2  conftest.c >&5
configure:5154: $? = 0
configure:5167: result: none needed
configure:5192: checking whether gcc understands -c and -o together
configure:5214: gcc -c conftest.c -o conftest2.o
configure:5217: $? = 0
configure:5214: gcc -c conftest.c -o conftest2.o
configure:5217: $? = 0
configure:5229: result: yes
configure:5248: checking dependency style of gcc
configure:5359: result: gcc3
configure:5381: checking whether ln -s works
configure:5385: result: yes
configure:5392: checking whether make sets $(MAKE)
configure:5414: result: yes
configure:5834: checking how to print strings
configure:5861: result: printf
configure:5882: checking for a sed that does not truncate output
configure:5946: result: /bin/sed
configure:5964: checking for grep that handles long lines and -e
configure:6022: result: /bin/grep
configure:6027: checking for egrep
configure:6089: result: /bin/grep -E
configure:6094: checking for fgrep
configure:6156: result: /bin/grep -F
configure:6191: checking for ld used by gcc
configure:6258: result: /usr/bin/ld
configure:6265: checking if the linker (/usr/bin/ld) is GNU ld
configure:6280: result: yes
configure:6292: checking for BSD- or MS-compatible name lister (nm)
configure:6341: result: /usr/bin/nm -B
configure:6471: checking the name lister (/usr/bin/nm -B) interface
configure:6478: gcc -c -g -O2  conftest.c >&5
configure:6481: /usr/bin/nm -B "conftest.o"
configure:6484: output
0000000000000000 B some_variable
configure:6491: result: BSD nm
configure:6495: checking the maximum length of command line arguments
configure:6626: result: 1572864
configure:6643: checking whether the shell understands some XSI constructs
configure:6653: result: yes
configure:6657: checking whether the shell understands "+="
configure:6663: result: yes
configure:6698: checking how to convert x86_64-unknown-linux-gnu file names to x86_64-unknown-linux-gnu format
configure:6738: result: func_convert_file_noop
configure:6745: checking how to convert x86_64-unknown-linux-gnu file names to toolchain format
configure:6765: result: func_convert_file_noop
configure:6772: checking for /usr/bin/ld option to reload object files
configure:6779: result: -r
configure:6853: checking for objdump
configure:6880: result: objdump
configure:6909: checking how to recognize dependent libraries
configure:7107: result: pass_all
configure:7192: checking for dlltool
configure:7219: result: dlltool
configure:7249: checking how to associate runtime and link libraries
configure:7276: result: printf %s\n
configure:7337: checking for ar
configure:7353: found /usr/bin/ar
configure:7364: result: ar
configure:7401: checking for archiver @FILE support
configure:7418: gcc -c -g -O2  conftest.c >&5
configure:7418: $? = 0
configure:7421: ar cru libconftest.a @conftest.lst >&5
configure:7424: $? = 0
configure:7429: ar cru libconftest.a @conftest.lst >&5
ar: conftest.o: No such file or directory
configure:7432: $? = 1
configure:7444: result: @
configure:7502: checking for strip
configure:7518: found /usr/bin/strip
configure:7529: result: strip
configure:7601: checking for ranlib
configure:7617: found /usr/bin/ranlib
configure:7628: result: ranlib
configure:7730: checking command to parse /usr/bin/nm -B output from gcc object
configure:7850: gcc -c -g -O2  conftest.c >&5
configure:7853: $? = 0
configure:7857: /usr/bin/nm -B conftest.o \| sed -n -e 's/^.*[ ]\([ABCDGIRSTW][ABCDGIRSTW]*\)[ ][ ]*\([_A-Za-z][_A-Za-z0-9]*\)$/\1 \2 \2/p' | sed '/ __gnu_lto/d' \> conftest.nm
configure:7860: $? = 0
configure:7926: gcc -o conftest -g -O2   conftest.c conftstm.o >&5
configure:7929: $? = 0
configure:7967: result: ok
configure:8004: checking for sysroot
configure:8034: result: no
configure:8111: gcc -c -g -O2  conftest.c >&5
configure:8114: $? = 0
configure:8303: checking for mt
configure:8319: found /bin/mt
configure:8330: result: mt
configure:8353: checking if mt is a manifest tool
configure:8359: mt '-?'
configure:8367: result: no
configure:9009: checking how to run the C preprocessor
configure:9040: gcc -E  conftest.c
configure:9040: $? = 0
configure:9054: gcc -E  conftest.c
conftest.c:12:28: fatal error: ac_nonexistent.h: No such file or directory
 #include <ac_nonexistent.h>
                            ^
compilation terminated.
configure:9054: $? = 1
configure: failed program was:
| /* confdefs.h */
| #define PACKAGE_NAME ""
| #define PACKAGE_TARNAME ""
| #define PACKAGE_VERSION ""
| #define PACKAGE_STRING ""
| #define PACKAGE_BUGREPORT ""
| #define PACKAGE_URL ""
| #define PACKAGE "gr-gsm"
| #define VERSION "0.0.1"
| #define CXX_HAS_BUGGY_FOR_LOOPS /**/
| /* end confdefs.h.  */
| #include <ac_nonexistent.h>
configure:9079: result: gcc -E
configure:9099: gcc -E  conftest.c
configure:9099: $? = 0
configure:9113: gcc -E  conftest.c
conftest.c:12:28: fatal error: ac_nonexistent.h: No such file or directory
 #include <ac_nonexistent.h>
                            ^
compilation terminated.
configure:9113: $? = 1
configure: failed program was:
| /* confdefs.h */
| #define PACKAGE_NAME ""
| #define PACKAGE_TARNAME ""
| #define PACKAGE_VERSION ""
| #define PACKAGE_STRING ""
| #define PACKAGE_BUGREPORT ""
| #define PACKAGE_URL ""
| #define PACKAGE "gr-gsm"
| #define VERSION "0.0.1"
| #define CXX_HAS_BUGGY_FOR_LOOPS /**/
| /* end confdefs.h.  */
| #include <ac_nonexistent.h>
configure:9142: checking for ANSI C header files
configure:9162: gcc -c -g -O2  conftest.c >&5
configure:9162: $? = 0
configure:9235: gcc -o conftest -g -O2   conftest.c  >&5
configure:9235: $? = 0
configure:9235: ./conftest
configure:9235: $? = 0
configure:9246: result: yes
configure:9259: checking for sys/types.h
configure:9259: gcc -c -g -O2  conftest.c >&5
configure:9259: $? = 0
configure:9259: result: yes
configure:9259: checking for sys/stat.h
configure:9259: gcc -c -g -O2  conftest.c >&5
configure:9259: $? = 0
configure:9259: result: yes
configure:9259: checking for stdlib.h
configure:9259: gcc -c -g -O2  conftest.c >&5
configure:9259: $? = 0
configure:9259: result: yes
configure:9259: checking for string.h
configure:9259: gcc -c -g -O2  conftest.c >&5
configure:9259: $? = 0
configure:9259: result: yes
configure:9259: checking for memory.h
configure:9259: gcc -c -g -O2  conftest.c >&5
configure:9259: $? = 0
configure:9259: result: yes
configure:9259: checking for strings.h
configure:9259: gcc -c -g -O2  conftest.c >&5
configure:9259: $? = 0
configure:9259: result: yes
configure:9259: checking for inttypes.h
configure:9259: gcc -c -g -O2  conftest.c >&5
configure:9259: $? = 0
configure:9259: result: yes
configure:9259: checking for stdint.h
configure:9259: gcc -c -g -O2  conftest.c >&5
configure:9259: $? = 0
configure:9259: result: yes
configure:9259: checking for unistd.h
configure:9259: gcc -c -g -O2  conftest.c >&5
configure:9259: $? = 0
configure:9259: result: yes
configure:9273: checking for dlfcn.h
configure:9273: gcc -c -g -O2  conftest.c >&5
configure:9273: $? = 0
configure:9273: result: yes
configure:9427: checking for objdir
configure:9442: result: .libs
configure:9709: checking if gcc supports -fno-rtti -fno-exceptions
configure:9727: gcc -c -g -O2  -fno-rtti -fno-exceptions conftest.c >&5
cc1: warning: command line option '-fno-rtti' is valid for C++/ObjC++ but not for C [enabled by default]
configure:9731: $? = 0
configure:9744: result: no
configure:10071: checking for gcc option to produce PIC
configure:10078: result: -fPIC -DPIC
configure:10086: checking if gcc PIC flag -fPIC -DPIC works
configure:10104: gcc -c -g -O2  -fPIC -DPIC -DPIC conftest.c >&5
configure:10108: $? = 0
configure:10121: result: yes
configure:10150: checking if gcc static flag -static works
configure:10178: result: yes
configure:10193: checking if gcc supports -c -o file.o
configure:10214: gcc -c -g -O2  -o out/conftest2.o conftest.c >&5
configure:10218: $? = 0
configure:10240: result: yes
configure:10248: checking if gcc supports -c -o file.o
configure:10295: result: yes
configure:10328: checking whether the gcc linker (/usr/bin/ld -m elf_x86_64) supports shared libraries
configure:11485: result: yes
configure:11522: checking whether -lc should be explicitly linked in
configure:11530: gcc -c -g -O2  conftest.c >&5
configure:11533: $? = 0
configure:11548: gcc -shared  -fPIC -DPIC conftest.o  -v -Wl,-soname -Wl,conftest -o conftest 2\>\&1 \| /bin/grep  -lc  \>/dev/null 2\>\&1
configure:11551: $? = 0
configure:11565: result: no
configure:11725: checking dynamic linker characteristics
configure:12225: gcc -o conftest -g -O2   -Wl,-rpath -Wl,/foo conftest.c  >&5
configure:12225: $? = 0
configure:12459: result: GNU/Linux ld.so
configure:12566: checking how to hardcode library paths into programs
configure:12591: result: immediate
configure:13131: checking whether stripping libraries is possible
configure:13136: result: yes
configure:13171: checking if libtool supports shared libraries
configure:13173: result: yes
configure:13176: checking whether to build shared libraries
configure:13197: result: yes
configure:13200: checking whether to build static libraries
configure:13204: result: no
configure:13227: checking how to run the C++ preprocessor
configure:13293: result: g++ -E
configure:13313: g++ -E  conftest.cpp
configure:13313: $? = 0
configure:13327: g++ -E  conftest.cpp
conftest.cpp:24:28: fatal error: ac_nonexistent.h: No such file or directory
 #include <ac_nonexistent.h>
                            ^
compilation terminated.
configure:13327: $? = 1
configure: failed program was:
| /* confdefs.h */
| #define PACKAGE_NAME ""
| #define PACKAGE_TARNAME ""
| #define PACKAGE_VERSION ""
| #define PACKAGE_STRING ""
| #define PACKAGE_BUGREPORT ""
| #define PACKAGE_URL ""
| #define PACKAGE "gr-gsm"
| #define VERSION "0.0.1"
| #define CXX_HAS_BUGGY_FOR_LOOPS /**/
| #define STDC_HEADERS 1
| #define HAVE_SYS_TYPES_H 1
| #define HAVE_SYS_STAT_H 1
| #define HAVE_STDLIB_H 1
| #define HAVE_STRING_H 1
| #define HAVE_MEMORY_H 1
| #define HAVE_STRINGS_H 1
| #define HAVE_INTTYPES_H 1
| #define HAVE_STDINT_H 1
| #define HAVE_UNISTD_H 1
| #define HAVE_DLFCN_H 1
| #define LT_OBJDIR ".libs/"
| /* end confdefs.h.  */
| #include <ac_nonexistent.h>
configure:13496: checking for ld used by g++
configure:13563: result: /usr/bin/ld -m elf_x86_64
configure:13570: checking if the linker (/usr/bin/ld -m elf_x86_64) is GNU ld
configure:13585: result: yes
configure:13640: checking whether the g++ linker (/usr/bin/ld -m elf_x86_64) supports shared libraries
configure:14642: result: yes
configure:14678: g++ -c -g -O2 -Wall -Woverloaded-virtual  conftest.cpp >&5
configure:14681: $? = 0
configure:15201: checking for g++ option to produce PIC
configure:15208: result: -fPIC -DPIC
configure:15216: checking if g++ PIC flag -fPIC -DPIC works
configure:15234: g++ -c -g -O2 -Wall -Woverloaded-virtual  -fPIC -DPIC -DPIC conftest.cpp >&5
configure:15238: $? = 0
configure:15251: result: yes
configure:15274: checking if g++ static flag -static works
configure:15302: result: yes
configure:15314: checking if g++ supports -c -o file.o
configure:15335: g++ -c -g -O2 -Wall -Woverloaded-virtual  -o out/conftest2.o conftest.cpp >&5
configure:15339: $? = 0
configure:15361: result: yes
configure:15366: checking if g++ supports -c -o file.o
configure:15413: result: yes
configure:15443: checking whether the g++ linker (/usr/bin/ld -m elf_x86_64) supports shared libraries
configure:15482: result: yes
configure:15623: checking dynamic linker characteristics
configure:16291: result: GNU/Linux ld.so
configure:16344: checking how to hardcode library paths into programs
configure:16369: result: immediate
configure:16449: checking for Python include path
configure:16465: result: /usr/include/python2.7
configure:16479: checking Python.h usability
configure:16479: gcc -c -g -O2  -I/usr/include/python2.7 conftest.c >&5
configure:16479: $? = 0
configure:16479: result: yes
configure:16479: checking Python.h presence
configure:16479: gcc -E  -I/usr/include/python2.7 conftest.c
configure:16479: $? = 0
configure:16479: result: yes
configure:16479: checking for Python.h
configure:16479: result: yes
configure:16568: checking for swig
configure:16584: found /usr/bin/swig
configure:16595: result: /usr/bin/swig
configure:16607: checking for SWIG version
configure:16611: result: 2.0.11
configure:16768: checking for the pthreads library -lpthreads
configure:16801: gcc -o conftest -g -O2    conftest.c -lpthreads  >&5
conftest.c: In function 'main':
conftest.c:30:22: warning: null argument where non-null required (argument 1) [-Wnonnull]
                      pthread_attr_init(0); pthread_cleanup_push(0, 0);
                      ^
conftest.c:31:22: warning: null argument where non-null required (argument 1) [-Wnonnull]
                      pthread_create(0,0,0,0); pthread_cleanup_pop(0);
                      ^
conftest.c:31:22: warning: null argument where non-null required (argument 3) [-Wnonnull]
/usr/bin/ld: cannot find -lpthreads
collect2: error: ld returned 1 exit status
configure:16801: $? = 1
configure: failed program was:
| /* confdefs.h */
| #define PACKAGE_NAME ""
| #define PACKAGE_TARNAME ""
| #define PACKAGE_VERSION ""
| #define PACKAGE_STRING ""
| #define PACKAGE_BUGREPORT ""
| #define PACKAGE_URL ""
| #define PACKAGE "gr-gsm"
| #define VERSION "0.0.1"
| #define CXX_HAS_BUGGY_FOR_LOOPS /**/
| #define STDC_HEADERS 1
| #define HAVE_SYS_TYPES_H 1
| #define HAVE_SYS_STAT_H 1
| #define HAVE_STDLIB_H 1
| #define HAVE_STRING_H 1
| #define HAVE_MEMORY_H 1
| #define HAVE_STRINGS_H 1
| #define HAVE_INTTYPES_H 1
| #define HAVE_STDINT_H 1
| #define HAVE_UNISTD_H 1
| #define HAVE_DLFCN_H 1
| #define LT_OBJDIR ".libs/"
| #define HAVE_PYTHON_H 1
| /* end confdefs.h.  */
| #include <pthread.h>
| int
| main ()
| {
| pthread_t th; pthread_join(th, 0);
|                      pthread_attr_init(0); pthread_cleanup_push(0, 0);
|                      pthread_create(0,0,0,0); pthread_cleanup_pop(0);
|   ;
|   return 0;
| }
configure:16810: result: no
configure:16757: checking whether pthreads work without any flags
configure:16801: gcc -o conftest -g -O2    conftest.c   >&5
conftest.c: In function 'main':
conftest.c:30:22: warning: null argument where non-null required (argument 1) [-Wnonnull]
                      pthread_attr_init(0); pthread_cleanup_push(0, 0);
                      ^
conftest.c:31:22: warning: null argument where non-null required (argument 1) [-Wnonnull]
                      pthread_create(0,0,0,0); pthread_cleanup_pop(0);
                      ^
conftest.c:31:22: warning: null argument where non-null required (argument 3) [-Wnonnull]
/tmp/ccXz7XG2.o: In function `main':
/opt/airprobe/gsm-tvoid/conftest.c:29: undefined reference to `pthread_join'
/opt/airprobe/gsm-tvoid/conftest.c:30: undefined reference to `__pthread_register_cancel'
/opt/airprobe/gsm-tvoid/conftest.c:31: undefined reference to `pthread_create'
/opt/airprobe/gsm-tvoid/conftest.c:31: undefined reference to `__pthread_unregister_cancel'
collect2: error: ld returned 1 exit status
configure:16801: $? = 1
configure: failed program was:
| /* confdefs.h */
| #define PACKAGE_NAME ""
| #define PACKAGE_TARNAME ""
| #define PACKAGE_VERSION ""
| #define PACKAGE_STRING ""
| #define PACKAGE_BUGREPORT ""
| #define PACKAGE_URL ""
| #define PACKAGE "gr-gsm"
| #define VERSION "0.0.1"
| #define CXX_HAS_BUGGY_FOR_LOOPS /**/
| #define STDC_HEADERS 1
| #define HAVE_SYS_TYPES_H 1
| #define HAVE_SYS_STAT_H 1
| #define HAVE_STDLIB_H 1
| #define HAVE_STRING_H 1
| #define HAVE_MEMORY_H 1
| #define HAVE_STRINGS_H 1
| #define HAVE_INTTYPES_H 1
| #define HAVE_STDINT_H 1
| #define HAVE_UNISTD_H 1
| #define HAVE_DLFCN_H 1
| #define LT_OBJDIR ".libs/"
| #define HAVE_PYTHON_H 1
| /* end confdefs.h.  */
| #include <pthread.h>
| int
| main ()
| {
| pthread_t th; pthread_join(th, 0);
|                      pthread_attr_init(0); pthread_cleanup_push(0, 0);
|                      pthread_create(0,0,0,0); pthread_cleanup_pop(0);
|   ;
|   return 0;
| }
configure:16810: result: no
configure:16762: checking whether pthreads work with -Kthread
configure:16801: gcc -o conftest -g -O2 -Kthread   conftest.c   >&5
gcc: error: unrecognized command line option '-Kthread'
configure:16801: $? = 1
configure: failed program was:
| /* confdefs.h */
| #define PACKAGE_NAME ""
| #define PACKAGE_TARNAME ""
| #define PACKAGE_VERSION ""
| #define PACKAGE_STRING ""
| #define PACKAGE_BUGREPORT ""
| #define PACKAGE_URL ""
| #define PACKAGE "gr-gsm"
| #define VERSION "0.0.1"
| #define CXX_HAS_BUGGY_FOR_LOOPS /**/
| #define STDC_HEADERS 1
| #define HAVE_SYS_TYPES_H 1
| #define HAVE_SYS_STAT_H 1
| #define HAVE_STDLIB_H 1
| #define HAVE_STRING_H 1
| #define HAVE_MEMORY_H 1
| #define HAVE_STRINGS_H 1
| #define HAVE_INTTYPES_H 1
| #define HAVE_STDINT_H 1
| #define HAVE_UNISTD_H 1
| #define HAVE_DLFCN_H 1
| #define LT_OBJDIR ".libs/"
| #define HAVE_PYTHON_H 1
| /* end confdefs.h.  */
| #include <pthread.h>
| int
| main ()
| {
| pthread_t th; pthread_join(th, 0);
|                      pthread_attr_init(0); pthread_cleanup_push(0, 0);
|                      pthread_create(0,0,0,0); pthread_cleanup_pop(0);
|   ;
|   return 0;
| }
configure:16810: result: no
configure:16762: checking whether pthreads work with -kthread
configure:16801: gcc -o conftest -g -O2 -kthread   conftest.c   >&5
gcc: error: unrecognized command line option '-kthread'
configure:16801: $? = 1
configure: failed program was:
| /* confdefs.h */
| #define PACKAGE_NAME ""
| #define PACKAGE_TARNAME ""
| #define PACKAGE_VERSION ""
| #define PACKAGE_STRING ""
| #define PACKAGE_BUGREPORT ""
| #define PACKAGE_URL ""
| #define PACKAGE "gr-gsm"
| #define VERSION "0.0.1"
| #define CXX_HAS_BUGGY_FOR_LOOPS /**/
| #define STDC_HEADERS 1
| #define HAVE_SYS_TYPES_H 1
| #define HAVE_SYS_STAT_H 1
| #define HAVE_STDLIB_H 1
| #define HAVE_STRING_H 1
| #define HAVE_MEMORY_H 1
| #define HAVE_STRINGS_H 1
| #define HAVE_INTTYPES_H 1
| #define HAVE_STDINT_H 1
| #define HAVE_UNISTD_H 1
| #define HAVE_DLFCN_H 1
| #define LT_OBJDIR ".libs/"
| #define HAVE_PYTHON_H 1
| /* end confdefs.h.  */
| #include <pthread.h>
| int
| main ()
| {
| pthread_t th; pthread_join(th, 0);
|                      pthread_attr_init(0); pthread_cleanup_push(0, 0);
|                      pthread_create(0,0,0,0); pthread_cleanup_pop(0);
|   ;
|   return 0;
| }
configure:16810: result: no
configure:16768: checking for the pthreads library -llthread
configure:16801: gcc -o conftest -g -O2    conftest.c -llthread  >&5
conftest.c: In function 'main':
conftest.c:30:22: warning: null argument where non-null required (argument 1) [-Wnonnull]
                      pthread_attr_init(0); pthread_cleanup_push(0, 0);
                      ^
conftest.c:31:22: warning: null argument where non-null required (argument 1) [-Wnonnull]
                      pthread_create(0,0,0,0); pthread_cleanup_pop(0);
                      ^
conftest.c:31:22: warning: null argument where non-null required (argument 3) [-Wnonnull]
/usr/bin/ld: cannot find -llthread
collect2: error: ld returned 1 exit status
configure:16801: $? = 1
configure: failed program was:
| /* confdefs.h */
| #define PACKAGE_NAME ""
| #define PACKAGE_TARNAME ""
| #define PACKAGE_VERSION ""
| #define PACKAGE_STRING ""
| #define PACKAGE_BUGREPORT ""
| #define PACKAGE_URL ""
| #define PACKAGE "gr-gsm"
| #define VERSION "0.0.1"
| #define CXX_HAS_BUGGY_FOR_LOOPS /**/
| #define STDC_HEADERS 1
| #define HAVE_SYS_TYPES_H 1
| #define HAVE_SYS_STAT_H 1
| #define HAVE_STDLIB_H 1
| #define HAVE_STRING_H 1
| #define HAVE_MEMORY_H 1
| #define HAVE_STRINGS_H 1
| #define HAVE_INTTYPES_H 1
| #define HAVE_STDINT_H 1
| #define HAVE_UNISTD_H 1
| #define HAVE_DLFCN_H 1
| #define LT_OBJDIR ".libs/"
| #define HAVE_PYTHON_H 1
| /* end confdefs.h.  */
| #include <pthread.h>
| int
| main ()
| {
| pthread_t th; pthread_join(th, 0);
|                      pthread_attr_init(0); pthread_cleanup_push(0, 0);
|                      pthread_create(0,0,0,0); pthread_cleanup_pop(0);
|   ;
|   return 0;
| }
configure:16810: result: no
configure:16762: checking whether pthreads work with -pthread
configure:16801: gcc -o conftest -g -O2 -pthread   conftest.c   >&5
conftest.c: In function 'main':
conftest.c:30:22: warning: null argument where non-null required (argument 1) [-Wnonnull]
                      pthread_attr_init(0); pthread_cleanup_push(0, 0);
                      ^
conftest.c:31:22: warning: null argument where non-null required (argument 1) [-Wnonnull]
                      pthread_create(0,0,0,0); pthread_cleanup_pop(0);
                      ^
conftest.c:31:22: warning: null argument where non-null required (argument 3) [-Wnonnull]
configure:16801: $? = 0
configure:16810: result: yes
configure:16830: checking for joinable pthread attribute
configure:16843: gcc -o conftest -g -O2 -pthread   conftest.c   >&5
configure:16843: $? = 0
configure:16875: result: PTHREAD_CREATE_JOINABLE
configure:16882: checking if more special flags are required for pthreads
configure:16889: result: no
configure:16901: checking for cc_r
configure:16929: result: gcc
configure:17013: checking for library containing clock_gettime
configure:17044: gcc -o conftest -g -O2   conftest.c  >&5
configure:17044: $? = 0
configure:17061: result: none required
configure:17072: checking for clock_gettime
configure:17072: gcc -o conftest -g -O2   conftest.c  >&5
configure:17072: $? = 0
configure:17072: result: yes
configure:17072: checking for gettimeofday
configure:17072: gcc -o conftest -g -O2   conftest.c  >&5
configure:17072: $? = 0
configure:17072: result: yes
configure:17072: checking for nanosleep
configure:17072: gcc -o conftest -g -O2   conftest.c  >&5
configure:17072: $? = 0
configure:17072: result: yes
configure:17093: checking for ANSI C header files
configure:17197: result: yes
configure:17205: checking for sys/wait.h that is POSIX.1 compatible
configure:17231: gcc -c -g -O2 -pthread  conftest.c >&5
configure:17231: $? = 0
configure:17238: result: yes
configure:17249: checking fcntl.h usability
configure:17249: gcc -c -g -O2 -pthread  conftest.c >&5
configure:17249: $? = 0
configure:17249: result: yes
configure:17249: checking fcntl.h presence
configure:17249: gcc -E  conftest.c
configure:17249: $? = 0
configure:17249: result: yes
configure:17249: checking for fcntl.h
configure:17249: result: yes
configure:17249: checking limits.h usability
configure:17249: gcc -c -g -O2 -pthread  conftest.c >&5
configure:17249: $? = 0
configure:17249: result: yes
configure:17249: checking limits.h presence
configure:17249: gcc -E  conftest.c
configure:17249: $? = 0
configure:17249: result: yes
configure:17249: checking for limits.h
configure:17249: result: yes
configure:17249: checking for strings.h
configure:17249: result: yes
configure:17249: checking sys/ioctl.h usability
configure:17249: gcc -c -g -O2 -pthread  conftest.c >&5
configure:17249: $? = 0
configure:17249: result: yes
configure:17249: checking sys/ioctl.h presence
configure:17249: gcc -E  conftest.c
configure:17249: $? = 0
configure:17249: result: yes
configure:17249: checking for sys/ioctl.h
configure:17249: result: yes
configure:17249: checking sys/time.h usability
configure:17249: gcc -c -g -O2 -pthread  conftest.c >&5
configure:17249: $? = 0
configure:17249: result: yes
configure:17249: checking sys/time.h presence
configure:17249: gcc -E  conftest.c
configure:17249: $? = 0
configure:17249: result: yes
configure:17249: checking for sys/time.h
configure:17249: result: yes
configure:17249: checking for unistd.h
configure:17249: result: yes
configure:17261: checking sys/mman.h usability
configure:17261: gcc -c -g -O2 -pthread  conftest.c >&5
configure:17261: $? = 0
configure:17261: result: yes
configure:17261: checking sys/mman.h presence
configure:17261: gcc -E  conftest.c
configure:17261: $? = 0
configure:17261: result: yes
configure:17261: checking for sys/mman.h
configure:17261: result: yes
configure:17272: checking for an ANSI C-conforming const
configure:17338: gcc -c -g -O2 -pthread  conftest.c >&5
configure:17338: $? = 0
configure:17345: result: yes
configure:17353: checking for inline
configure:17369: gcc -c -g -O2 -pthread  conftest.c >&5
configure:17369: $? = 0
configure:17377: result: inline
configure:17395: checking for size_t
configure:17395: gcc -c -g -O2 -pthread  conftest.c >&5
configure:17395: $? = 0
configure:17395: gcc -c -g -O2 -pthread  conftest.c >&5
conftest.c: In function 'main':
conftest.c:74:21: error: expected expression before ')' token
 if (sizeof ((size_t)))
                     ^
configure:17395: $? = 1
configure: failed program was:
| /* confdefs.h */
| #define PACKAGE_NAME ""
| #define PACKAGE_TARNAME ""
| #define PACKAGE_VERSION ""
| #define PACKAGE_STRING ""
| #define PACKAGE_BUGREPORT ""
| #define PACKAGE_URL ""
| #define PACKAGE "gr-gsm"
| #define VERSION "0.0.1"
| #define CXX_HAS_BUGGY_FOR_LOOPS /**/
| #define STDC_HEADERS 1
| #define HAVE_SYS_TYPES_H 1
| #define HAVE_SYS_STAT_H 1
| #define HAVE_STDLIB_H 1
| #define HAVE_STRING_H 1
| #define HAVE_MEMORY_H 1
| #define HAVE_STRINGS_H 1
| #define HAVE_INTTYPES_H 1
| #define HAVE_STDINT_H 1
| #define HAVE_UNISTD_H 1
| #define HAVE_DLFCN_H 1
| #define LT_OBJDIR ".libs/"
| #define HAVE_PYTHON_H 1
| #define OMNITHREAD_POSIX 1
| #define HAVE_CLOCK_GETTIME 1
| #define HAVE_GETTIMEOFDAY 1
| #define HAVE_NANOSLEEP 1
| #define STDC_HEADERS 1
| #define HAVE_SYS_WAIT_H 1
| #define HAVE_FCNTL_H 1
| #define HAVE_LIMITS_H 1
| #define HAVE_STRINGS_H 1
| #define HAVE_SYS_IOCTL_H 1
| #define HAVE_SYS_TIME_H 1
| #define HAVE_UNISTD_H 1
| #define HAVE_SYS_MMAN_H 1
| /* end confdefs.h.  */
| #include <stdio.h>
| #ifdef HAVE_SYS_TYPES_H
| # include <sys/types.h>
| #endif
| #ifdef HAVE_SYS_STAT_H
| # include <sys/stat.h>
| #endif
| #ifdef STDC_HEADERS
| # include <stdlib.h>
| # include <stddef.h>
| #else
| # ifdef HAVE_STDLIB_H
| #  include <stdlib.h>
| # endif
| #endif
| #ifdef HAVE_STRING_H
| # if !defined STDC_HEADERS && defined HAVE_MEMORY_H
| #  include <memory.h>
| # endif
| # include <string.h>
| #endif
| #ifdef HAVE_STRINGS_H
| # include <strings.h>
| #endif
| #ifdef HAVE_INTTYPES_H
| # include <inttypes.h>
| #endif
| #ifdef HAVE_STDINT_H
| # include <stdint.h>
| #endif
| #ifdef HAVE_UNISTD_H
| # include <unistd.h>
| #endif
| int
| main ()
| {
| if (sizeof ((size_t)))
| 	    return 0;
|   ;
|   return 0;
| }
configure:17395: result: yes
configure:17406: checking whether time.h and sys/time.h may both be included
configure:17426: gcc -c -g -O2 -pthread  conftest.c >&5
configure:17426: $? = 0
configure:17433: result: yes
configure:17445: checking for dummy
configure:17445: gcc -o conftest -g -O2 -pthread   conftest.c  >&5
/tmp/ccjK4PP7.o: In function `main':
/opt/airprobe/gsm-tvoid/conftest.c:73: undefined reference to `dummy'
collect2: error: ld returned 1 exit status
configure:17445: $? = 1
configure: failed program was:
| /* confdefs.h */
| #define PACKAGE_NAME ""
| #define PACKAGE_TARNAME ""
| #define PACKAGE_VERSION ""
| #define PACKAGE_STRING ""
| #define PACKAGE_BUGREPORT ""
| #define PACKAGE_URL ""
| #define PACKAGE "gr-gsm"
| #define VERSION "0.0.1"
| #define CXX_HAS_BUGGY_FOR_LOOPS /**/
| #define STDC_HEADERS 1
| #define HAVE_SYS_TYPES_H 1
| #define HAVE_SYS_STAT_H 1
| #define HAVE_STDLIB_H 1
| #define HAVE_STRING_H 1
| #define HAVE_MEMORY_H 1
| #define HAVE_STRINGS_H 1
| #define HAVE_INTTYPES_H 1
| #define HAVE_STDINT_H 1
| #define HAVE_UNISTD_H 1
| #define HAVE_DLFCN_H 1
| #define LT_OBJDIR ".libs/"
| #define HAVE_PYTHON_H 1
| #define OMNITHREAD_POSIX 1
| #define HAVE_CLOCK_GETTIME 1
| #define HAVE_GETTIMEOFDAY 1
| #define HAVE_NANOSLEEP 1
| #define STDC_HEADERS 1
| #define HAVE_SYS_WAIT_H 1
| #define HAVE_FCNTL_H 1
| #define HAVE_LIMITS_H 1
| #define HAVE_STRINGS_H 1
| #define HAVE_SYS_IOCTL_H 1
| #define HAVE_SYS_TIME_H 1
| #define HAVE_UNISTD_H 1
| #define HAVE_SYS_MMAN_H 1
| #define TIME_WITH_SYS_TIME 1
| /* end confdefs.h.  */
| /* Define dummy to an innocuous variant, in case <limits.h> declares dummy.
|    For example, HP-UX 11i <limits.h> declares gettimeofday.  */
| #define dummy innocuous_dummy
| 
| /* System header to define __stub macros and hopefully few prototypes,
|     which can conflict with char dummy (); below.
|     Prefer <limits.h> to <assert.h> if __STDC__ is defined, since
|     <limits.h> exists even on freestanding compilers.  */
| 
| #ifdef __STDC__
| # include <limits.h>
| #else
| # include <assert.h>
| #endif
| 
| #undef dummy
| 
| /* Override any GCC internal prototype to avoid an error.
|    Use char because int might match the return type of a GCC
|    builtin and then its argument prototype would still apply.  */
| #ifdef __cplusplus
| extern "C"
| #endif
| char dummy ();
| /* The GNU C library defines this for functions which it implements
|     to always fail with ENOSYS.  Some functions are actually named
|     something starting with __ and the normal name is an alias.  */
| #if defined __stub_dummy || defined __stub___dummy
| choke me
| #endif
| 
| int
| main ()
| {
| return dummy ();
|   ;
|   return 0;
| }
configure:17445: result: no
configure:17445: checking for cc_r
configure:17445: gcc -o conftest -g -O2 -pthread   conftest.c  >&5
/tmp/ccE8wPWd.o: In function `main':
/opt/airprobe/gsm-tvoid/conftest.c:73: undefined reference to `cc_r'
collect2: error: ld returned 1 exit status
configure:17445: $? = 1
configure: failed program was:
| /* confdefs.h */
| #define PACKAGE_NAME ""
| #define PACKAGE_TARNAME ""
| #define PACKAGE_VERSION ""
| #define PACKAGE_STRING ""
| #define PACKAGE_BUGREPORT ""
| #define PACKAGE_URL ""
| #define PACKAGE "gr-gsm"
| #define VERSION "0.0.1"
| #define CXX_HAS_BUGGY_FOR_LOOPS /**/
| #define STDC_HEADERS 1
| #define HAVE_SYS_TYPES_H 1
| #define HAVE_SYS_STAT_H 1
| #define HAVE_STDLIB_H 1
| #define HAVE_STRING_H 1
| #define HAVE_MEMORY_H 1
| #define HAVE_STRINGS_H 1
| #define HAVE_INTTYPES_H 1
| #define HAVE_STDINT_H 1
| #define HAVE_UNISTD_H 1
| #define HAVE_DLFCN_H 1
| #define LT_OBJDIR ".libs/"
| #define HAVE_PYTHON_H 1
| #define OMNITHREAD_POSIX 1
| #define HAVE_CLOCK_GETTIME 1
| #define HAVE_GETTIMEOFDAY 1
| #define HAVE_NANOSLEEP 1
| #define STDC_HEADERS 1
| #define HAVE_SYS_WAIT_H 1
| #define HAVE_FCNTL_H 1
| #define HAVE_LIMITS_H 1
| #define HAVE_STRINGS_H 1
| #define HAVE_SYS_IOCTL_H 1
| #define HAVE_SYS_TIME_H 1
| #define HAVE_UNISTD_H 1
| #define HAVE_SYS_MMAN_H 1
| #define TIME_WITH_SYS_TIME 1
| /* end confdefs.h.  */
| /* Define cc_r to an innocuous variant, in case <limits.h> declares cc_r.
|    For example, HP-UX 11i <limits.h> declares gettimeofday.  */
| #define cc_r innocuous_cc_r
| 
| /* System header to define __stub macros and hopefully few prototypes,
|     which can conflict with char cc_r (); below.
|     Prefer <limits.h> to <assert.h> if __STDC__ is defined, since
|     <limits.h> exists even on freestanding compilers.  */
| 
| #ifdef __STDC__
| # include <limits.h>
| #else
| # include <assert.h>
| #endif
| 
| #undef cc_r
| 
| /* Override any GCC internal prototype to avoid an error.
|    Use char because int might match the return type of a GCC
|    builtin and then its argument prototype would still apply.  */
| #ifdef __cplusplus
| extern "C"
| #endif
| char cc_r ();
| /* The GNU C library defines this for functions which it implements
|     to always fail with ENOSYS.  Some functions are actually named
|     something starting with __ and the normal name is an alias.  */
| #if defined __stub_cc_r || defined __stub___cc_r
| choke me
| #endif
| 
| int
| main ()
| {
| return cc_r ();
|   ;
|   return 0;
| }
configure:17445: result: no
configure:17460: checking for sys/types.h
configure:17460: result: yes
configure:17460: checking for fcntl.h
configure:17460: result: yes
configure:17460: checking io.h usability
configure:17460: gcc -c -g -O2 -pthread  conftest.c >&5
conftest.c:74:16: fatal error: io.h: No such file or directory
 #include <io.h>
                ^
compilation terminated.
configure:17460: $? = 1
configure: failed program was:
| /* confdefs.h */
| #define PACKAGE_NAME ""
| #define PACKAGE_TARNAME ""
| #define PACKAGE_VERSION ""
| #define PACKAGE_STRING ""
| #define PACKAGE_BUGREPORT ""
| #define PACKAGE_URL ""
| #define PACKAGE "gr-gsm"
| #define VERSION "0.0.1"
| #define CXX_HAS_BUGGY_FOR_LOOPS /**/
| #define STDC_HEADERS 1
| #define HAVE_SYS_TYPES_H 1
| #define HAVE_SYS_STAT_H 1
| #define HAVE_STDLIB_H 1
| #define HAVE_STRING_H 1
| #define HAVE_MEMORY_H 1
| #define HAVE_STRINGS_H 1
| #define HAVE_INTTYPES_H 1
| #define HAVE_STDINT_H 1
| #define HAVE_UNISTD_H 1
| #define HAVE_DLFCN_H 1
| #define LT_OBJDIR ".libs/"
| #define HAVE_PYTHON_H 1
| #define OMNITHREAD_POSIX 1
| #define HAVE_CLOCK_GETTIME 1
| #define HAVE_GETTIMEOFDAY 1
| #define HAVE_NANOSLEEP 1
| #define STDC_HEADERS 1
| #define HAVE_SYS_WAIT_H 1
| #define HAVE_FCNTL_H 1
| #define HAVE_LIMITS_H 1
| #define HAVE_STRINGS_H 1
| #define HAVE_SYS_IOCTL_H 1
| #define HAVE_SYS_TIME_H 1
| #define HAVE_UNISTD_H 1
| #define HAVE_SYS_MMAN_H 1
| #define TIME_WITH_SYS_TIME 1
| #define HAVE_SYS_TYPES_H 1
| #define HAVE_FCNTL_H 1
| /* end confdefs.h.  */
| #include <stdio.h>
| #ifdef HAVE_SYS_TYPES_H
| # include <sys/types.h>
| #endif
| #ifdef HAVE_SYS_STAT_H
| # include <sys/stat.h>
| #endif
| #ifdef STDC_HEADERS
| # include <stdlib.h>
| # include <stddef.h>
| #else
| # ifdef HAVE_STDLIB_H
| #  include <stdlib.h>
| # endif
| #endif
| #ifdef HAVE_STRING_H
| # if !defined STDC_HEADERS && defined HAVE_MEMORY_H
| #  include <memory.h>
| # endif
| # include <string.h>
| #endif
| #ifdef HAVE_STRINGS_H
| # include <strings.h>
| #endif
| #ifdef HAVE_INTTYPES_H
| # include <inttypes.h>
| #endif
| #ifdef HAVE_STDINT_H
| # include <stdint.h>
| #endif
| #ifdef HAVE_UNISTD_H
| # include <unistd.h>
| #endif
| #include <io.h>
configure:17460: result: no
configure:17460: checking io.h presence
configure:17460: gcc -E  conftest.c
conftest.c:41:16: fatal error: io.h: No such file or directory
 #include <io.h>
                ^
compilation terminated.
configure:17460: $? = 1
configure: failed program was:
| /* confdefs.h */
| #define PACKAGE_NAME ""
| #define PACKAGE_TARNAME ""
| #define PACKAGE_VERSION ""
| #define PACKAGE_STRING ""
| #define PACKAGE_BUGREPORT ""
| #define PACKAGE_URL ""
| #define PACKAGE "gr-gsm"
| #define VERSION "0.0.1"
| #define CXX_HAS_BUGGY_FOR_LOOPS /**/
| #define STDC_HEADERS 1
| #define HAVE_SYS_TYPES_H 1
| #define HAVE_SYS_STAT_H 1
| #define HAVE_STDLIB_H 1
| #define HAVE_STRING_H 1
| #define HAVE_MEMORY_H 1
| #define HAVE_STRINGS_H 1
| #define HAVE_INTTYPES_H 1
| #define HAVE_STDINT_H 1
| #define HAVE_UNISTD_H 1
| #define HAVE_DLFCN_H 1
| #define LT_OBJDIR ".libs/"
| #define HAVE_PYTHON_H 1
| #define OMNITHREAD_POSIX 1
| #define HAVE_CLOCK_GETTIME 1
| #define HAVE_GETTIMEOFDAY 1
| #define HAVE_NANOSLEEP 1
| #define STDC_HEADERS 1
| #define HAVE_SYS_WAIT_H 1
| #define HAVE_FCNTL_H 1
| #define HAVE_LIMITS_H 1
| #define HAVE_STRINGS_H 1
| #define HAVE_SYS_IOCTL_H 1
| #define HAVE_SYS_TIME_H 1
| #define HAVE_UNISTD_H 1
| #define HAVE_SYS_MMAN_H 1
| #define TIME_WITH_SYS_TIME 1
| #define HAVE_SYS_TYPES_H 1
| #define HAVE_FCNTL_H 1
| /* end confdefs.h.  */
| #include <io.h>
configure:17460: result: no
configure:17460: checking for io.h
configure:17460: result: no
configure:17472: checking windows.h usability
configure:17472: gcc -c -g -O2 -pthread  conftest.c >&5
conftest.c:74:21: fatal error: windows.h: No such file or directory
 #include <windows.h>
                     ^
compilation terminated.
configure:17472: $? = 1
configure: failed program was:
| /* confdefs.h */
| #define PACKAGE_NAME ""
| #define PACKAGE_TARNAME ""
| #define PACKAGE_VERSION ""
| #define PACKAGE_STRING ""
| #define PACKAGE_BUGREPORT ""
| #define PACKAGE_URL ""
| #define PACKAGE "gr-gsm"
| #define VERSION "0.0.1"
| #define CXX_HAS_BUGGY_FOR_LOOPS /**/
| #define STDC_HEADERS 1
| #define HAVE_SYS_TYPES_H 1
| #define HAVE_SYS_STAT_H 1
| #define HAVE_STDLIB_H 1
| #define HAVE_STRING_H 1
| #define HAVE_MEMORY_H 1
| #define HAVE_STRINGS_H 1
| #define HAVE_INTTYPES_H 1
| #define HAVE_STDINT_H 1
| #define HAVE_UNISTD_H 1
| #define HAVE_DLFCN_H 1
| #define LT_OBJDIR ".libs/"
| #define HAVE_PYTHON_H 1
| #define OMNITHREAD_POSIX 1
| #define HAVE_CLOCK_GETTIME 1
| #define HAVE_GETTIMEOFDAY 1
| #define HAVE_NANOSLEEP 1
| #define STDC_HEADERS 1
| #define HAVE_SYS_WAIT_H 1
| #define HAVE_FCNTL_H 1
| #define HAVE_LIMITS_H 1
| #define HAVE_STRINGS_H 1
| #define HAVE_SYS_IOCTL_H 1
| #define HAVE_SYS_TIME_H 1
| #define HAVE_UNISTD_H 1
| #define HAVE_SYS_MMAN_H 1
| #define TIME_WITH_SYS_TIME 1
| #define HAVE_SYS_TYPES_H 1
| #define HAVE_FCNTL_H 1
| /* end confdefs.h.  */
| #include <stdio.h>
| #ifdef HAVE_SYS_TYPES_H
| # include <sys/types.h>
| #endif
| #ifdef HAVE_SYS_STAT_H
| # include <sys/stat.h>
| #endif
| #ifdef STDC_HEADERS
| # include <stdlib.h>
| # include <stddef.h>
| #else
| # ifdef HAVE_STDLIB_H
| #  include <stdlib.h>
| # endif
| #endif
| #ifdef HAVE_STRING_H
| # if !defined STDC_HEADERS && defined HAVE_MEMORY_H
| #  include <memory.h>
| # endif
| # include <string.h>
| #endif
| #ifdef HAVE_STRINGS_H
| # include <strings.h>
| #endif
| #ifdef HAVE_INTTYPES_H
| # include <inttypes.h>
| #endif
| #ifdef HAVE_STDINT_H
| # include <stdint.h>
| #endif
| #ifdef HAVE_UNISTD_H
| # include <unistd.h>
| #endif
| #include <windows.h>
configure:17472: result: no
configure:17472: checking windows.h presence
configure:17472: gcc -E  conftest.c
conftest.c:41:21: fatal error: windows.h: No such file or directory
 #include <windows.h>
                     ^
compilation terminated.
configure:17472: $? = 1
configure: failed program was:
| /* confdefs.h */
| #define PACKAGE_NAME ""
| #define PACKAGE_TARNAME ""
| #define PACKAGE_VERSION ""
| #define PACKAGE_STRING ""
| #define PACKAGE_BUGREPORT ""
| #define PACKAGE_URL ""
| #define PACKAGE "gr-gsm"
| #define VERSION "0.0.1"
| #define CXX_HAS_BUGGY_FOR_LOOPS /**/
| #define STDC_HEADERS 1
| #define HAVE_SYS_TYPES_H 1
| #define HAVE_SYS_STAT_H 1
| #define HAVE_STDLIB_H 1
| #define HAVE_STRING_H 1
| #define HAVE_MEMORY_H 1
| #define HAVE_STRINGS_H 1
| #define HAVE_INTTYPES_H 1
| #define HAVE_STDINT_H 1
| #define HAVE_UNISTD_H 1
| #define HAVE_DLFCN_H 1
| #define LT_OBJDIR ".libs/"
| #define HAVE_PYTHON_H 1
| #define OMNITHREAD_POSIX 1
| #define HAVE_CLOCK_GETTIME 1
| #define HAVE_GETTIMEOFDAY 1
| #define HAVE_NANOSLEEP 1
| #define STDC_HEADERS 1
| #define HAVE_SYS_WAIT_H 1
| #define HAVE_FCNTL_H 1
| #define HAVE_LIMITS_H 1
| #define HAVE_STRINGS_H 1
| #define HAVE_SYS_IOCTL_H 1
| #define HAVE_SYS_TIME_H 1
| #define HAVE_UNISTD_H 1
| #define HAVE_SYS_MMAN_H 1
| #define TIME_WITH_SYS_TIME 1
| #define HAVE_SYS_TYPES_H 1
| #define HAVE_FCNTL_H 1
| /* end confdefs.h.  */
| #include <windows.h>
configure:17472: result: no
configure:17472: checking for windows.h
configure:17472: result: no
configure:17485: checking for winioctl.h
configure:17485: gcc -c -g -O2 -pthread  conftest.c >&5
conftest.c:47:22: fatal error: winioctl.h: No such file or directory
 #include <winioctl.h>
                      ^
compilation terminated.
configure:17485: $? = 1
configure: failed program was:
| /* confdefs.h */
| #define PACKAGE_NAME ""
| #define PACKAGE_TARNAME ""
| #define PACKAGE_VERSION ""
| #define PACKAGE_STRING ""
| #define PACKAGE_BUGREPORT ""
| #define PACKAGE_URL ""
| #define PACKAGE "gr-gsm"
| #define VERSION "0.0.1"
| #define CXX_HAS_BUGGY_FOR_LOOPS /**/
| #define STDC_HEADERS 1
| #define HAVE_SYS_TYPES_H 1
| #define HAVE_SYS_STAT_H 1
| #define HAVE_STDLIB_H 1
| #define HAVE_STRING_H 1
| #define HAVE_MEMORY_H 1
| #define HAVE_STRINGS_H 1
| #define HAVE_INTTYPES_H 1
| #define HAVE_STDINT_H 1
| #define HAVE_UNISTD_H 1
| #define HAVE_DLFCN_H 1
| #define LT_OBJDIR ".libs/"
| #define HAVE_PYTHON_H 1
| #define OMNITHREAD_POSIX 1
| #define HAVE_CLOCK_GETTIME 1
| #define HAVE_GETTIMEOFDAY 1
| #define HAVE_NANOSLEEP 1
| #define STDC_HEADERS 1
| #define HAVE_SYS_WAIT_H 1
| #define HAVE_FCNTL_H 1
| #define HAVE_LIMITS_H 1
| #define HAVE_STRINGS_H 1
| #define HAVE_SYS_IOCTL_H 1
| #define HAVE_SYS_TIME_H 1
| #define HAVE_UNISTD_H 1
| #define HAVE_SYS_MMAN_H 1
| #define TIME_WITH_SYS_TIME 1
| #define HAVE_SYS_TYPES_H 1
| #define HAVE_FCNTL_H 1
| /* end confdefs.h.  */
| 
| 	#if HAVE_WINDOWS_H
| 	#include <windows.h>
| 	#endif
| 
| 
| #include <winioctl.h>
configure:17485: result: no
configure:17485: checking for winbase.h
configure:17485: gcc -c -g -O2 -pthread  conftest.c >&5
conftest.c:47:21: fatal error: winbase.h: No such file or directory
 #include <winbase.h>
                     ^
compilation terminated.
configure:17485: $? = 1
configure: failed program was:
| /* confdefs.h */
| #define PACKAGE_NAME ""
| #define PACKAGE_TARNAME ""
| #define PACKAGE_VERSION ""
| #define PACKAGE_STRING ""
| #define PACKAGE_BUGREPORT ""
| #define PACKAGE_URL ""
| #define PACKAGE "gr-gsm"
| #define VERSION "0.0.1"
| #define CXX_HAS_BUGGY_FOR_LOOPS /**/
| #define STDC_HEADERS 1
| #define HAVE_SYS_TYPES_H 1
| #define HAVE_SYS_STAT_H 1
| #define HAVE_STDLIB_H 1
| #define HAVE_STRING_H 1
| #define HAVE_MEMORY_H 1
| #define HAVE_STRINGS_H 1
| #define HAVE_INTTYPES_H 1
| #define HAVE_STDINT_H 1
| #define HAVE_UNISTD_H 1
| #define HAVE_DLFCN_H 1
| #define LT_OBJDIR ".libs/"
| #define HAVE_PYTHON_H 1
| #define OMNITHREAD_POSIX 1
| #define HAVE_CLOCK_GETTIME 1
| #define HAVE_GETTIMEOFDAY 1
| #define HAVE_NANOSLEEP 1
| #define STDC_HEADERS 1
| #define HAVE_SYS_WAIT_H 1
| #define HAVE_FCNTL_H 1
| #define HAVE_LIMITS_H 1
| #define HAVE_STRINGS_H 1
| #define HAVE_SYS_IOCTL_H 1
| #define HAVE_SYS_TIME_H 1
| #define HAVE_UNISTD_H 1
| #define HAVE_SYS_MMAN_H 1
| #define TIME_WITH_SYS_TIME 1
| #define HAVE_SYS_TYPES_H 1
| #define HAVE_FCNTL_H 1
| /* end confdefs.h.  */
| 
| 	#if HAVE_WINDOWS_H
| 	#include <windows.h>
| 	#endif
| 
| 
| #include <winbase.h>
configure:17485: result: no
configure:17504: checking for getopt
configure:17504: gcc -o conftest -g -O2 -pthread   conftest.c  >&5
configure:17504: $? = 0
configure:17504: result: yes
configure:17504: checking for usleep
configure:17504: gcc -o conftest -g -O2 -pthread   conftest.c  >&5
configure:17504: $? = 0
configure:17504: result: yes
configure:17504: checking for gettimeofday
configure:17504: result: yes
configure:17504: checking for nanosleep
configure:17504: result: yes
configure:17504: checking for rand
configure:17504: gcc -o conftest -g -O2 -pthread   conftest.c  >&5
configure:17504: $? = 0
configure:17504: result: yes
configure:17504: checking for srand
configure:17504: gcc -o conftest -g -O2 -pthread   conftest.c  >&5
configure:17504: $? = 0
configure:17504: result: yes
configure:17504: checking for random
configure:17504: gcc -o conftest -g -O2 -pthread   conftest.c  >&5
configure:17504: $? = 0
configure:17504: result: yes
configure:17504: checking for srandom
configure:17504: gcc -o conftest -g -O2 -pthread   conftest.c  >&5
configure:17504: $? = 0
configure:17504: result: yes
configure:17504: checking for sleep
configure:17504: gcc -o conftest -g -O2 -pthread   conftest.c  >&5
configure:17504: $? = 0
configure:17504: result: yes
configure:17504: checking for sigaction
configure:17504: gcc -o conftest -g -O2 -pthread   conftest.c  >&5
configure:17504: $? = 0
configure:17504: result: yes
configure:17513: checking for struct timezone
configure:17513: gcc -c -g -O2 -pthread  conftest.c >&5
configure:17513: $? = 0
configure:17513: gcc -c -g -O2 -pthread  conftest.c >&5
conftest.c: In function 'main':
conftest.c:70:30: error: expected expression before ')' token
 if (sizeof ((struct timezone)))
                              ^
configure:17513: $? = 1
configure: failed program was:
| /* confdefs.h */
| #define PACKAGE_NAME ""
| #define PACKAGE_TARNAME ""
| #define PACKAGE_VERSION ""
| #define PACKAGE_STRING ""
| #define PACKAGE_BUGREPORT ""
| #define PACKAGE_URL ""
| #define PACKAGE "gr-gsm"
| #define VERSION "0.0.1"
| #define CXX_HAS_BUGGY_FOR_LOOPS /**/
| #define STDC_HEADERS 1
| #define HAVE_SYS_TYPES_H 1
| #define HAVE_SYS_STAT_H 1
| #define HAVE_STDLIB_H 1
| #define HAVE_STRING_H 1
| #define HAVE_MEMORY_H 1
| #define HAVE_STRINGS_H 1
| #define HAVE_INTTYPES_H 1
| #define HAVE_STDINT_H 1
| #define HAVE_UNISTD_H 1
| #define HAVE_DLFCN_H 1
| #define LT_OBJDIR ".libs/"
| #define HAVE_PYTHON_H 1
| #define OMNITHREAD_POSIX 1
| #define HAVE_CLOCK_GETTIME 1
| #define HAVE_GETTIMEOFDAY 1
| #define HAVE_NANOSLEEP 1
| #define STDC_HEADERS 1
| #define HAVE_SYS_WAIT_H 1
| #define HAVE_FCNTL_H 1
| #define HAVE_LIMITS_H 1
| #define HAVE_STRINGS_H 1
| #define HAVE_SYS_IOCTL_H 1
| #define HAVE_SYS_TIME_H 1
| #define HAVE_UNISTD_H 1
| #define HAVE_SYS_MMAN_H 1
| #define TIME_WITH_SYS_TIME 1
| #define HAVE_SYS_TYPES_H 1
| #define HAVE_FCNTL_H 1
| #define HAVE_GETOPT 1
| #define HAVE_USLEEP 1
| #define HAVE_GETTIMEOFDAY 1
| #define HAVE_NANOSLEEP 1
| #define HAVE_RAND 1
| #define HAVE_SRAND 1
| #define HAVE_RANDOM 1
| #define HAVE_SRANDOM 1
| #define HAVE_SLEEP 1
| #define HAVE_SIGACTION 1
| /* end confdefs.h.  */
| 
|      #if HAVE_SYS_TYPES_H
|      # include <sys/types.h>
|      #endif
|      #if TIME_WITH_SYS_TIME
|      # include <sys/time.h>
|      # include <time.h>
|      #else
|      # if HAVE_SYS_TIME_H
|      #  include <sys/time.h>
|      # else
|      #  include <time.h>
|      # endif
|      #endif
| 
| 
| int
| main ()
| {
| if (sizeof ((struct timezone)))
| 	    return 0;
|   ;
|   return 0;
| }
configure:17513: result: yes
configure:17537: checking for struct timespec
configure:17537: gcc -c -g -O2 -pthread  conftest.c >&5
configure:17537: $? = 0
configure:17537: gcc -c -g -O2 -pthread  conftest.c >&5
conftest.c: In function 'main':
conftest.c:71:30: error: expected expression before ')' token
 if (sizeof ((struct timespec)))
                              ^
configure:17537: $? = 1
configure: failed program was:
| /* confdefs.h */
| #define PACKAGE_NAME ""
| #define PACKAGE_TARNAME ""
| #define PACKAGE_VERSION ""
| #define PACKAGE_STRING ""
| #define PACKAGE_BUGREPORT ""
| #define PACKAGE_URL ""
| #define PACKAGE "gr-gsm"
| #define VERSION "0.0.1"
| #define CXX_HAS_BUGGY_FOR_LOOPS /**/
| #define STDC_HEADERS 1
| #define HAVE_SYS_TYPES_H 1
| #define HAVE_SYS_STAT_H 1
| #define HAVE_STDLIB_H 1
| #define HAVE_STRING_H 1
| #define HAVE_MEMORY_H 1
| #define HAVE_STRINGS_H 1
| #define HAVE_INTTYPES_H 1
| #define HAVE_STDINT_H 1
| #define HAVE_UNISTD_H 1
| #define HAVE_DLFCN_H 1
| #define LT_OBJDIR ".libs/"
| #define HAVE_PYTHON_H 1
| #define OMNITHREAD_POSIX 1
| #define HAVE_CLOCK_GETTIME 1
| #define HAVE_GETTIMEOFDAY 1
| #define HAVE_NANOSLEEP 1
| #define STDC_HEADERS 1
| #define HAVE_SYS_WAIT_H 1
| #define HAVE_FCNTL_H 1
| #define HAVE_LIMITS_H 1
| #define HAVE_STRINGS_H 1
| #define HAVE_SYS_IOCTL_H 1
| #define HAVE_SYS_TIME_H 1
| #define HAVE_UNISTD_H 1
| #define HAVE_SYS_MMAN_H 1
| #define TIME_WITH_SYS_TIME 1
| #define HAVE_SYS_TYPES_H 1
| #define HAVE_FCNTL_H 1
| #define HAVE_GETOPT 1
| #define HAVE_USLEEP 1
| #define HAVE_GETTIMEOFDAY 1
| #define HAVE_NANOSLEEP 1
| #define HAVE_RAND 1
| #define HAVE_SRAND 1
| #define HAVE_RANDOM 1
| #define HAVE_SRANDOM 1
| #define HAVE_SLEEP 1
| #define HAVE_SIGACTION 1
| #define HAVE_STRUCT_TIMEZONE 1
| /* end confdefs.h.  */
| 
|      #if HAVE_SYS_TYPES_H
|      # include <sys/types.h>
|      #endif
|      #if TIME_WITH_SYS_TIME
|      # include <sys/time.h>
|      # include <time.h>
|      #else
|      # if HAVE_SYS_TIME_H
|      #  include <sys/time.h>
|      # else
|      #  include <time.h>
|      # endif
|      #endif
| 
| 
| int
| main ()
| {
| if (sizeof ((struct timespec)))
| 	    return 0;
|   ;
|   return 0;
| }
configure:17537: result: yes
configure:17561: checking for ssize_t
configure:17561: gcc -c -g -O2 -pthread  conftest.c >&5
configure:17561: $? = 0
configure:17561: gcc -c -g -O2 -pthread  conftest.c >&5
conftest.c: In function 'main':
conftest.c:72:22: error: expected expression before ')' token
 if (sizeof ((ssize_t)))
                      ^
configure:17561: $? = 1
configure: failed program was:
| /* confdefs.h */
| #define PACKAGE_NAME ""
| #define PACKAGE_TARNAME ""
| #define PACKAGE_VERSION ""
| #define PACKAGE_STRING ""
| #define PACKAGE_BUGREPORT ""
| #define PACKAGE_URL ""
| #define PACKAGE "gr-gsm"
| #define VERSION "0.0.1"
| #define CXX_HAS_BUGGY_FOR_LOOPS /**/
| #define STDC_HEADERS 1
| #define HAVE_SYS_TYPES_H 1
| #define HAVE_SYS_STAT_H 1
| #define HAVE_STDLIB_H 1
| #define HAVE_STRING_H 1
| #define HAVE_MEMORY_H 1
| #define HAVE_STRINGS_H 1
| #define HAVE_INTTYPES_H 1
| #define HAVE_STDINT_H 1
| #define HAVE_UNISTD_H 1
| #define HAVE_DLFCN_H 1
| #define LT_OBJDIR ".libs/"
| #define HAVE_PYTHON_H 1
| #define OMNITHREAD_POSIX 1
| #define HAVE_CLOCK_GETTIME 1
| #define HAVE_GETTIMEOFDAY 1
| #define HAVE_NANOSLEEP 1
| #define STDC_HEADERS 1
| #define HAVE_SYS_WAIT_H 1
| #define HAVE_FCNTL_H 1
| #define HAVE_LIMITS_H 1
| #define HAVE_STRINGS_H 1
| #define HAVE_SYS_IOCTL_H 1
| #define HAVE_SYS_TIME_H 1
| #define HAVE_UNISTD_H 1
| #define HAVE_SYS_MMAN_H 1
| #define TIME_WITH_SYS_TIME 1
| #define HAVE_SYS_TYPES_H 1
| #define HAVE_FCNTL_H 1
| #define HAVE_GETOPT 1
| #define HAVE_USLEEP 1
| #define HAVE_GETTIMEOFDAY 1
| #define HAVE_NANOSLEEP 1
| #define HAVE_RAND 1
| #define HAVE_SRAND 1
| #define HAVE_RANDOM 1
| #define HAVE_SRANDOM 1
| #define HAVE_SLEEP 1
| #define HAVE_SIGACTION 1
| #define HAVE_STRUCT_TIMEZONE 1
| #define HAVE_STRUCT_TIMESPEC 1
| /* end confdefs.h.  */
| 
|      #if HAVE_SYS_TYPES_H
|      # include <sys/types.h>
|      #endif
|      #if TIME_WITH_SYS_TIME
|      # include <sys/time.h>
|      # include <time.h>
|      #else
|      # if HAVE_SYS_TIME_H
|      #  include <sys/time.h>
|      # else
|      #  include <time.h>
|      # endif
|      #endif
| 
| 
| int
| main ()
| {
| if (sizeof ((ssize_t)))
| 	    return 0;
|   ;
|   return 0;
| }
configure:17561: result: yes
configure:17587: checking for getopt
configure:17587: result: yes
configure:17600: checking for usleep
configure:17600: result: yes
configure:17613: checking for gettimeofday
configure:17613: result: yes
configure:17629: checking for Sleep
configure:17644: gcc -o conftest -g -O2 -pthread   conftest.c  >&5
conftest.c:57:24: fatal error: windows.h: No such file or directory
    #include <windows.h>
                        ^
compilation terminated.
configure:17644: $? = 1
configure: failed program was:
| /* confdefs.h */
| #define PACKAGE_NAME ""
| #define PACKAGE_TARNAME ""
| #define PACKAGE_VERSION ""
| #define PACKAGE_STRING ""
| #define PACKAGE_BUGREPORT ""
| #define PACKAGE_URL ""
| #define PACKAGE "gr-gsm"
| #define VERSION "0.0.1"
| #define CXX_HAS_BUGGY_FOR_LOOPS /**/
| #define STDC_HEADERS 1
| #define HAVE_SYS_TYPES_H 1
| #define HAVE_SYS_STAT_H 1
| #define HAVE_STDLIB_H 1
| #define HAVE_STRING_H 1
| #define HAVE_MEMORY_H 1
| #define HAVE_STRINGS_H 1
| #define HAVE_INTTYPES_H 1
| #define HAVE_STDINT_H 1
| #define HAVE_UNISTD_H 1
| #define HAVE_DLFCN_H 1
| #define LT_OBJDIR ".libs/"
| #define HAVE_PYTHON_H 1
| #define OMNITHREAD_POSIX 1
| #define HAVE_CLOCK_GETTIME 1
| #define HAVE_GETTIMEOFDAY 1
| #define HAVE_NANOSLEEP 1
| #define STDC_HEADERS 1
| #define HAVE_SYS_WAIT_H 1
| #define HAVE_FCNTL_H 1
| #define HAVE_LIMITS_H 1
| #define HAVE_STRINGS_H 1
| #define HAVE_SYS_IOCTL_H 1
| #define HAVE_SYS_TIME_H 1
| #define HAVE_UNISTD_H 1
| #define HAVE_SYS_MMAN_H 1
| #define TIME_WITH_SYS_TIME 1
| #define HAVE_SYS_TYPES_H 1
| #define HAVE_FCNTL_H 1
| #define HAVE_GETOPT 1
| #define HAVE_USLEEP 1
| #define HAVE_GETTIMEOFDAY 1
| #define HAVE_NANOSLEEP 1
| #define HAVE_RAND 1
| #define HAVE_SRAND 1
| #define HAVE_RANDOM 1
| #define HAVE_SRANDOM 1
| #define HAVE_SLEEP 1
| #define HAVE_SIGACTION 1
| #define HAVE_STRUCT_TIMEZONE 1
| #define HAVE_STRUCT_TIMESPEC 1
| #define HAVE_SSIZE_T 1
| #define HAVE_GETOPT 1
| #define HAVE_USLEEP 1
| #define HAVE_GETTIMEOFDAY 1
| /* end confdefs.h.  */
|    #include <windows.h>
|                 #include <winbase.h>
| 
| int
| main ()
| {
|  Sleep(0);
|   ;
|   return 0;
| }
configure:17651: result: no
configure:17658: checking whether mkdir accepts only one arg
configure:17675: gcc -c -g -O2 -pthread  conftest.c >&5
conftest.c: In function 'main':
conftest.c:64:8: error: too few arguments to function 'mkdir'
        mkdir("")
        ^
In file included from conftest.c:58:0:
/usr/include/x86_64-linux-gnu/sys/stat.h:321:12: note: declared here
 extern int mkdir (const char *__path, __mode_t __mode)
            ^
configure:17675: $? = 1
configure: failed program was:
| /* confdefs.h */
| #define PACKAGE_NAME ""
| #define PACKAGE_TARNAME ""
| #define PACKAGE_VERSION ""
| #define PACKAGE_STRING ""
| #define PACKAGE_BUGREPORT ""
| #define PACKAGE_URL ""
| #define PACKAGE "gr-gsm"
| #define VERSION "0.0.1"
| #define CXX_HAS_BUGGY_FOR_LOOPS /**/
| #define STDC_HEADERS 1
| #define HAVE_SYS_TYPES_H 1
| #define HAVE_SYS_STAT_H 1
| #define HAVE_STDLIB_H 1
| #define HAVE_STRING_H 1
| #define HAVE_MEMORY_H 1
| #define HAVE_STRINGS_H 1
| #define HAVE_INTTYPES_H 1
| #define HAVE_STDINT_H 1
| #define HAVE_UNISTD_H 1
| #define HAVE_DLFCN_H 1
| #define LT_OBJDIR ".libs/"
| #define HAVE_PYTHON_H 1
| #define OMNITHREAD_POSIX 1
| #define HAVE_CLOCK_GETTIME 1
| #define HAVE_GETTIMEOFDAY 1
| #define HAVE_NANOSLEEP 1
| #define STDC_HEADERS 1
| #define HAVE_SYS_WAIT_H 1
| #define HAVE_FCNTL_H 1
| #define HAVE_LIMITS_H 1
| #define HAVE_STRINGS_H 1
| #define HAVE_SYS_IOCTL_H 1
| #define HAVE_SYS_TIME_H 1
| #define HAVE_UNISTD_H 1
| #define HAVE_SYS_MMAN_H 1
| #define TIME_WITH_SYS_TIME 1
| #define HAVE_SYS_TYPES_H 1
| #define HAVE_FCNTL_H 1
| #define HAVE_GETOPT 1
| #define HAVE_USLEEP 1
| #define HAVE_GETTIMEOFDAY 1
| #define HAVE_NANOSLEEP 1
| #define HAVE_RAND 1
| #define HAVE_SRAND 1
| #define HAVE_RANDOM 1
| #define HAVE_SRANDOM 1
| #define HAVE_SLEEP 1
| #define HAVE_SIGACTION 1
| #define HAVE_STRUCT_TIMEZONE 1
| #define HAVE_STRUCT_TIMESPEC 1
| #define HAVE_SSIZE_T 1
| #define HAVE_GETOPT 1
| #define HAVE_USLEEP 1
| #define HAVE_GETTIMEOFDAY 1
| /* end confdefs.h.  */
| #include <sys/types.h>
|        #include <sys/stat.h>
|        #include <fcntl.h>
| int
| main ()
| {
| 
|        mkdir("")
| 
|   ;
|   return 0;
| }
configure:17682: result: no
configure:17699: checking for pkg-config
configure:17717: found /usr/bin/pkg-config
configure:17730: result: /usr/bin/pkg-config
configure:17752: checking for gnuradio-core >= 3.1.2
configure:17798: error: Library requirements (gnuradio-core >= 3.1.2) not met; consider adjusting the PKG_CONFIG_PATH environment variable if your libraries are in a nonstandard prefix so pkg-config can find them.

## ---------------- ##
## Cache variables. ##
## ---------------- ##

ac_cv_build=x86_64-unknown-linux-gnu
ac_cv_c_compiler_gnu=yes
ac_cv_c_const=yes
ac_cv_c_inline=inline
ac_cv_cxx_compiler_gnu=yes
ac_cv_env_CCC_set=
ac_cv_env_CCC_value=
ac_cv_env_CC_set=
ac_cv_env_CC_value=
ac_cv_env_CFLAGS_set=
ac_cv_env_CFLAGS_value=
ac_cv_env_CPPFLAGS_set=
ac_cv_env_CPPFLAGS_value=
ac_cv_env_CPP_set=
ac_cv_env_CPP_value=
ac_cv_env_CXXCPP_set=
ac_cv_env_CXXCPP_value=
ac_cv_env_CXXFLAGS_set=
ac_cv_env_CXXFLAGS_value=
ac_cv_env_CXX_set=
ac_cv_env_CXX_value=
ac_cv_env_LDFLAGS_set=
ac_cv_env_LDFLAGS_value=
ac_cv_env_LIBS_set=
ac_cv_env_LIBS_value=
ac_cv_env_PYTHON_set=
ac_cv_env_PYTHON_value=
ac_cv_env_build_alias_set=
ac_cv_env_build_alias_value=
ac_cv_env_host_alias_set=
ac_cv_env_host_alias_value=
ac_cv_env_target_alias_set=
ac_cv_env_target_alias_value=
ac_cv_func_cc_r=no
ac_cv_func_clock_gettime=yes
ac_cv_func_dummy=no
ac_cv_func_getopt=yes
ac_cv_func_gettimeofday=yes
ac_cv_func_nanosleep=yes
ac_cv_func_rand=yes
ac_cv_func_random=yes
ac_cv_func_sigaction=yes
ac_cv_func_sleep=yes
ac_cv_func_srand=yes
ac_cv_func_srandom=yes
ac_cv_func_usleep=yes
ac_cv_header_Python_h=yes
ac_cv_header_dlfcn_h=yes
ac_cv_header_fcntl_h=yes
ac_cv_header_inttypes_h=yes
ac_cv_header_io_h=no
ac_cv_header_limits_h=yes
ac_cv_header_memory_h=yes
ac_cv_header_stdc=yes
ac_cv_header_stdint_h=yes
ac_cv_header_stdlib_h=yes
ac_cv_header_string_h=yes
ac_cv_header_strings_h=yes
ac_cv_header_sys_ioctl_h=yes
ac_cv_header_sys_mman_h=yes
ac_cv_header_sys_stat_h=yes
ac_cv_header_sys_time_h=yes
ac_cv_header_sys_types_h=yes
ac_cv_header_sys_wait_h=yes
ac_cv_header_time=yes
ac_cv_header_unistd_h=yes
ac_cv_header_winbase_h=no
ac_cv_header_windows_h=no
ac_cv_header_winioctl_h=no
ac_cv_host=x86_64-unknown-linux-gnu
ac_cv_objext=o
ac_cv_path_EGREP='/bin/grep -E'
ac_cv_path_FGREP='/bin/grep -F'
ac_cv_path_GREP=/bin/grep
ac_cv_path_PKG_CONFIG=/usr/bin/pkg-config
ac_cv_path_PYTHON=/usr/bin/python
ac_cv_path_SED=/bin/sed
ac_cv_path_install='/usr/bin/install -c'
ac_cv_path_mkdir=/bin/mkdir
ac_cv_prog_AWK=mawk
ac_cv_prog_CPP='gcc -E'
ac_cv_prog_CXXCPP='g++ -E'
ac_cv_prog_PTHREAD_CC=gcc
ac_cv_prog_SWIG=/usr/bin/swig
ac_cv_prog_ac_ct_AR=ar
ac_cv_prog_ac_ct_CC=gcc
ac_cv_prog_ac_ct_CXX=g++
ac_cv_prog_ac_ct_DLLTOOL=dlltool
ac_cv_prog_ac_ct_MANIFEST_TOOL=mt
ac_cv_prog_ac_ct_OBJDUMP=objdump
ac_cv_prog_ac_ct_RANLIB=ranlib
ac_cv_prog_ac_ct_STRIP=strip
ac_cv_prog_cc_c89=
ac_cv_prog_cc_g=yes
ac_cv_prog_cxx_g=yes
ac_cv_prog_make_make_set=yes
ac_cv_search_clock_gettime='none required'
ac_cv_target=x86_64-unknown-linux-gnu
ac_cv_type_size_t=yes
ac_cv_type_ssize_t=yes
ac_cv_type_struct_timespec=yes
ac_cv_type_struct_timezone=yes
am_cv_CC_dependencies_compiler_type=gcc3
am_cv_CXX_dependencies_compiler_type=gcc3
am_cv_make_support_nested_variables=yes
am_cv_prog_cc_c_o=yes
am_cv_python_platform=linux2
am_cv_python_pyexecdir='${exec_prefix}/lib/python2.7/dist-packages'
am_cv_python_pythondir='${prefix}/lib/python2.7/dist-packages'
am_cv_python_version=2.7
lt_cv_ar_at_file=@
lt_cv_archive_cmds_need_lc=no
lt_cv_deplibs_check_method=pass_all
lt_cv_file_magic_cmd='$MAGIC_CMD'
lt_cv_file_magic_test_file=
lt_cv_ld_reload_flag=-r
lt_cv_nm_interface='BSD nm'
lt_cv_objdir=.libs
lt_cv_path_LD=/usr/bin/ld
lt_cv_path_LDCXX='/usr/bin/ld -m elf_x86_64'
lt_cv_path_NM='/usr/bin/nm -B'
lt_cv_path_mainfest_tool=no
lt_cv_prog_compiler_c_o=yes
lt_cv_prog_compiler_c_o_CXX=yes
lt_cv_prog_compiler_pic='-fPIC -DPIC'
lt_cv_prog_compiler_pic_CXX='-fPIC -DPIC'
lt_cv_prog_compiler_pic_works=yes
lt_cv_prog_compiler_pic_works_CXX=yes
lt_cv_prog_compiler_rtti_exceptions=no
lt_cv_prog_compiler_static_works=yes
lt_cv_prog_compiler_static_works_CXX=yes
lt_cv_prog_gnu_ld=yes
lt_cv_prog_gnu_ldcxx=yes
lt_cv_sharedlib_from_linklib_cmd='printf %s\n'
lt_cv_shlibpath_overrides_runpath=no
lt_cv_sys_global_symbol_pipe='sed -n -e '\''s/^.*[	 ]\([ABCDGIRSTW][ABCDGIRSTW]*\)[	 ][	 ]*\([_A-Za-z][_A-Za-z0-9]*\)$/\1 \2 \2/p'\'' | sed '\''/ __gnu_lto/d'\'''
lt_cv_sys_global_symbol_to_c_name_address='sed -n -e '\''s/^: \([^ ]*\)[ ]*$/  {\"\1\", (void *) 0},/p'\'' -e '\''s/^[ABCDGIRSTW]* \([^ ]*\) \([^ ]*\)$/  {"\2", (void *) \&\2},/p'\'''
lt_cv_sys_global_symbol_to_c_name_address_lib_prefix='sed -n -e '\''s/^: \([^ ]*\)[ ]*$/  {\"\1\", (void *) 0},/p'\'' -e '\''s/^[ABCDGIRSTW]* \([^ ]*\) \(lib[^ ]*\)$/  {"\2", (void *) \&\2},/p'\'' -e '\''s/^[ABCDGIRSTW]* \([^ ]*\) \([^ ]*\)$/  {"lib\2", (void *) \&\2},/p'\'''
lt_cv_sys_global_symbol_to_cdecl='sed -n -e '\''s/^T .* \(.*\)$/extern int \1();/p'\'' -e '\''s/^[ABCDGIRSTW]* .* \(.*\)$/extern char \1;/p'\'''
lt_cv_sys_max_cmd_len=1572864
lt_cv_to_host_file_cmd=func_convert_file_noop
lt_cv_to_tool_file_cmd=func_convert_file_noop

## ----------------- ##
## Output variables. ##
## ----------------- ##

ACLOCAL='${SHELL} /opt/airprobe/gsm-tvoid/missing aclocal-1.14'
AMDEPBACKSLASH='\'
AMDEP_FALSE='#'
AMDEP_TRUE=''
AMTAR='$${TAR-tar}'
AM_BACKSLASH='\'
AM_DEFAULT_V='$(AM_DEFAULT_VERBOSITY)'
AM_DEFAULT_VERBOSITY='1'
AM_V='$(V)'
AR='ar'
AS='as'
AUTOCONF='${SHELL} /opt/airprobe/gsm-tvoid/missing autoconf'
AUTOHEADER='${SHELL} /opt/airprobe/gsm-tvoid/missing autoheader'
AUTOMAKE='${SHELL} /opt/airprobe/gsm-tvoid/missing automake-1.14'
AWK='mawk'
BOOST_CFLAGS=''
CC='gcc'
CCAS='$(CC)'
CCASFLAGS='$(CFLAGS)'
CCDEPMODE='depmode=gcc3'
CFLAGS='-g -O2 -pthread'
CPP='gcc -E'
CPPFLAGS=''
CXX='g++'
CXXCPP='g++ -E'
CXXDEPMODE='depmode=gcc3'
CXXFLAGS='-g -O2 -Wall -Woverloaded-virtual -pthread'
CXX_FOR_BUILD='g++'
CYGPATH_W='echo'
DEFS=''
DEPDIR='.deps'
DLLTOOL='dlltool'
DSYMUTIL=''
DUMPBIN=''
ECHO_C=''
ECHO_N='-n'
ECHO_T=''
EGREP='/bin/grep -E'
EXEEXT=''
FGREP='/bin/grep -F'
GNURADIO_CORE_CFLAGS=''
GNURADIO_CORE_INCLUDEDIR=''
GNURADIO_CORE_LIBS=''
GREP='/bin/grep'
INSTALL_DATA='${INSTALL} -m 644'
INSTALL_PROGRAM='${INSTALL}'
INSTALL_SCRIPT='${INSTALL}'
INSTALL_STRIP_PROGRAM='$(install_sh) -c -s'
LD='/usr/bin/ld -m elf_x86_64'
LDFLAGS=''
LIBOBJS=''
LIBS=''
LIBTOOL='$(SHELL) $(top_builddir)/libtool'
LIPO=''
LN_S='ln -s'
LTLIBOBJS=''
MAKEINFO='${SHELL} /opt/airprobe/gsm-tvoid/missing makeinfo'
MANIFEST_TOOL=':'
MKDIR_P='/bin/mkdir -p'
NM='/usr/bin/nm -B'
NMEDIT=''
NO_UNDEFINED=''
OBJDUMP='objdump'
OBJEXT='o'
OMNITHREAD_NT_FALSE=''
OMNITHREAD_NT_TRUE='#'
OMNITHREAD_POSIX_FALSE='#'
OMNITHREAD_POSIX_TRUE=''
OTOOL64=''
OTOOL=''
PACKAGE='gr-gsm'
PACKAGE_BUGREPORT=''
PACKAGE_NAME=''
PACKAGE_STRING=''
PACKAGE_TARNAME=''
PACKAGE_URL=''
PACKAGE_VERSION=''
PATH_SEPARATOR=':'
PKG_CONFIG='/usr/bin/pkg-config'
PTHREAD_CC='gcc'
PTHREAD_CFLAGS='-pthread'
PTHREAD_LIBS=' '
PYTHON='/usr/bin/python'
PYTHON_CPPFLAGS='-I/usr/include/python2.7'
PYTHON_EXEC_PREFIX='${exec_prefix}'
PYTHON_LDFLAGS=''
PYTHON_PLATFORM='linux2'
PYTHON_PREFIX='${prefix}'
PYTHON_VERSION='2.7'
RANLIB='ranlib'
SED='/bin/sed'
SET_MAKE=''
SHELL='/bin/bash'
STD_DEFINES_AND_INCLUDES=''
STRIP='strip'
SWIG='/usr/bin/swig -c++'
SWIG_PYTHON_CPPFLAGS='-I/usr/include/python2.7'
SWIG_PYTHON_LIB='-lswigpy'
SWIG_PYTHON_OPT='-python'
VERSION='0.0.1'
ac_ct_AR='ar'
ac_ct_CC='gcc'
ac_ct_CXX='g++'
ac_ct_DUMPBIN=''
am__EXEEXT_FALSE=''
am__EXEEXT_TRUE=''
am__fastdepCC_FALSE='#'
am__fastdepCC_TRUE=''
am__fastdepCXX_FALSE='#'
am__fastdepCXX_TRUE=''
am__include='include'
am__isrc=''
am__leading_dot='.'
am__nodep='_no'
am__quote=''
am__tar='$${TAR-tar} chof - "$$tardir"'
am__untar='$${TAR-tar} xf -'
bindir='${exec_prefix}/bin'
build='x86_64-unknown-linux-gnu'
build_alias=''
build_cpu='x86_64'
build_os='linux-gnu'
build_vendor='unknown'
datadir='${datarootdir}'
datarootdir='${prefix}/share'
docdir='${datarootdir}/doc/${PACKAGE}'
dvidir='${docdir}'
exec_prefix='NONE'
host='x86_64-unknown-linux-gnu'
host_alias=''
host_cpu='x86_64'
host_os='linux-gnu'
host_vendor='unknown'
htmldir='${docdir}'
includedir='${prefix}/include'
infodir='${datarootdir}/info'
install_sh='${SHELL} /opt/airprobe/gsm-tvoid/install-sh'
libdir='${exec_prefix}/lib64'
libexecdir='${exec_prefix}/libexec'
localedir='${datarootdir}/locale'
localstatedir='${prefix}/var'
mandir='${datarootdir}/man'
mkdir_p='$(MKDIR_P)'
oldincludedir='/usr/include'
pdfdir='${docdir}'
pkgpyexecdir='${pyexecdir}/gr-gsm'
pkgpythondir='${pythondir}/gr-gsm'
prefix='NONE'
program_transform_name='s,x,x,'
psdir='${docdir}'
pyexecdir='${exec_prefix}/lib/python2.7/dist-packages'
pythondir='${prefix}/lib/python2.7/dist-packages'
sbindir='${exec_prefix}/sbin'
sharedstatedir='${prefix}/com'
sysconfdir='${prefix}/etc'
target='x86_64-unknown-linux-gnu'
target_alias=''
target_cpu='x86_64'
target_os='linux-gnu'
target_vendor='unknown'

## ----------- ##
## confdefs.h. ##
## ----------- ##

/* confdefs.h */
#define PACKAGE_NAME ""
#define PACKAGE_TARNAME ""
#define PACKAGE_VERSION ""
#define PACKAGE_STRING ""
#define PACKAGE_BUGREPORT ""
#define PACKAGE_URL ""
#define PACKAGE "gr-gsm"
#define VERSION "0.0.1"
#define CXX_HAS_BUGGY_FOR_LOOPS /**/
#define STDC_HEADERS 1
#define HAVE_SYS_TYPES_H 1
#define HAVE_SYS_STAT_H 1
#define HAVE_STDLIB_H 1
#define HAVE_STRING_H 1
#define HAVE_MEMORY_H 1
#define HAVE_STRINGS_H 1
#define HAVE_INTTYPES_H 1
#define HAVE_STDINT_H 1
#define HAVE_UNISTD_H 1
#define HAVE_DLFCN_H 1
#define LT_OBJDIR ".libs/"
#define HAVE_PYTHON_H 1
#define OMNITHREAD_POSIX 1
#define HAVE_CLOCK_GETTIME 1
#define HAVE_GETTIMEOFDAY 1
#define HAVE_NANOSLEEP 1
#define STDC_HEADERS 1
#define HAVE_SYS_WAIT_H 1
#define HAVE_FCNTL_H 1
#define HAVE_LIMITS_H 1
#define HAVE_STRINGS_H 1
#define HAVE_SYS_IOCTL_H 1
#define HAVE_SYS_TIME_H 1
#define HAVE_UNISTD_H 1
#define HAVE_SYS_MMAN_H 1
#define TIME_WITH_SYS_TIME 1
#define HAVE_SYS_TYPES_H 1
#define HAVE_FCNTL_H 1
#define HAVE_GETOPT 1
#define HAVE_USLEEP 1
#define HAVE_GETTIMEOFDAY 1
#define HAVE_NANOSLEEP 1
#define HAVE_RAND 1
#define HAVE_SRAND 1
#define HAVE_RANDOM 1
#define HAVE_SRANDOM 1
#define HAVE_SLEEP 1
#define HAVE_SIGACTION 1
#define HAVE_STRUCT_TIMEZONE 1
#define HAVE_STRUCT_TIMESPEC 1
#define HAVE_SSIZE_T 1
#define HAVE_GETOPT 1
#define HAVE_USLEEP 1
#define HAVE_GETTIMEOFDAY 1

configure: exit 1
